# https://lede-project.org/docs/user-guide/virtualbox-vm

uci show network
uci set network.lan.ipaddr='192.168.56.2'
uci commit
reboot

uci batch <<EOF 
set network.mng=interface 
set network.mng.type='bridge' 
set network.mng.proto='static'
set network.mng.netmask='255.255.255.0'
set network.mng.ifname='eth0'
set network.mng.ipaddr='192.168.56.2'
delete network.lan
delete network.wan6
set network.wan=interface
set network.wan.ifname='eth1'
set network.wan.proto='dhcp'
EOF

uci changes
uci commit && reboot


/etc/init.d/network reload

opkg update && opkg install luci
